<?xml version="1.0" encoding="UTF-8"?>
<!-- Generated by org.testng.reporters.JUnitReportReporter -->
<testsuite hostname="tahmid_anon" failures="0" tests="1" name="testCases.TC021_AdministratorsAddTest" time="3.453" errors="0" timestamp="2025-02-24T23:29:28 GMT+06:00" skipped="0">
  <testcase classname="testCases.TC021_AdministratorsAddTest" name="administratorsAdd" time="3.453"/>
  <system-out/>
</testsuite> <!-- testCases.TC021_AdministratorsAddTest -->
