<?xml version="1.0" encoding="UTF-8"?>
<!-- Generated by org.testng.reporters.JUnitReportReporter -->
<testsuite hostname="tahmid_anon" failures="0" tests="1" name="testCases.TC032_EmployeeDeleteTest" time="0.000" errors="0" timestamp="2025-03-13T02:57:29 GMT+06:00" skipped="1">
  <testcase classname="testCases.TC032_EmployeeDeleteTest" name="employeeDelete" time="0.000">
    <skipped/>
  </testcase> <!-- employeeDelete -->
  <system-out/>
</testsuite> <!-- testCases.TC032_EmployeeDeleteTest -->
