<?xml version="1.0" encoding="UTF-8"?>
<!-- Generated by org.testng.reporters.JUnitReportReporter -->
<testsuite hostname="tahmid_anon" failures="0" tests="1" name="testCases.TC018_OffersAddTest" time="4.341" errors="0" timestamp="2025-02-16T00:22:45 GMT+06:00" skipped="0">
  <testcase classname="testCases.TC018_OffersAddTest" name="addOffers" time="4.341"/>
  <system-out/>
</testsuite> <!-- testCases.TC018_OffersAddTest -->
