<?xml version="1.0" encoding="UTF-8"?>
<!-- Generated by org.testng.reporters.JUnitReportReporter -->
<testsuite hostname="tahmid_anon" failures="0" tests="1" name="testCases.TC0010_POSTest" time="23.249" errors="0" timestamp="2025-02-03T23:51:09 GMT+06:00" skipped="0">
  <testcase classname="testCases.TC0010_POSTest" name="pos" time="23.249"/>
  <system-out/>
</testsuite> <!-- testCases.TC0010_POSTest -->
