<?xml version="1.0" encoding="UTF-8"?>
<!-- Generated by org.testng.reporters.JUnitReportReporter -->
<testsuite hostname="tahmid_anon" failures="0" tests="1" name="testCases.TC003_SearchItemsTest" time="15.792" errors="0" timestamp="2025-02-02T21:01:34 GMT+06:00" skipped="0">
  <testcase classname="testCases.TC003_SearchItemsTest" name="search" time="15.792"/>
  <system-out/>
</testsuite> <!-- testCases.TC003_SearchItemsTest -->
