<?xml version="1.0" encoding="UTF-8"?>
<!-- Generated by org.testng.reporters.JUnitReportReporter -->
<testsuite hostname="tahmid_anon" failures="0" tests="1" name="testCases.TC008_EditProfileTest" time="6.616" errors="0" timestamp="2025-02-06T23:51:31 GMT+06:00" skipped="0">
  <testcase classname="testCases.TC008_EditProfileTest" name="editProfile" time="6.616"/>
  <system-out/>
</testsuite> <!-- testCases.TC008_EditProfileTest -->
