<?xml version="1.0" encoding="UTF-8"?>
<!-- Generated by org.testng.reporters.JUnitReportReporter -->
<testsuite hostname="tahmid_anon" failures="0" tests="1" name="testCases.TC001_AccountRegistrationTest" time="6.071" errors="0" timestamp="2025-03-25T00:56:01 GMT+06:00" skipped="0">
  <testcase classname="testCases.TC001_AccountRegistrationTest" name="registrationOnAccount" time="6.071"/>
  <system-out/>
</testsuite> <!-- testCases.TC001_AccountRegistrationTest -->
