<?xml version="1.0" encoding="UTF-8"?>
<!-- Generated by org.testng.reporters.JUnitReportReporter -->
<testsuite hostname="tahmid_anon" failures="0" tests="1" name="testCases.TC025_DeliveryBoyEditTest" time="7.982" errors="0" timestamp="2025-02-24T23:57:38 GMT+06:00" skipped="0">
  <testcase classname="testCases.TC025_DeliveryBoyEditTest" name="deliveryBoyEdit" time="7.982"/>
  <system-out/>
</testsuite> <!-- testCases.TC025_DeliveryBoyEditTest -->
