<?xml version="1.0" encoding="UTF-8"?>
<!-- Generated by org.testng.reporters.JUnitReportReporter -->
<testsuite hostname="tahmid_anon" failures="0" tests="1" name="testCases.TC028_CustomerEditTest" time="7.933" errors="0" timestamp="2025-03-15T02:36:43 GMT+06:00" skipped="0">
  <testcase classname="testCases.TC028_CustomerEditTest" name="customerEdit" time="7.933"/>
  <system-out/>
</testsuite> <!-- testCases.TC028_CustomerEditTest -->
