<?xml version="1.0" encoding="UTF-8"?>
<!-- Generated by org.testng.reporters.JUnitReportReporter -->
<testsuite hostname="tahmid_anon" failures="0" tests="1" name="testCases.TC004_AddItemsToCartTest" time="16.186" errors="0" timestamp="2025-02-02T21:02:18 GMT+06:00" skipped="0">
  <testcase classname="testCases.TC004_AddItemsToCartTest" name="addItems" time="16.186"/>
  <system-out/>
</testsuite> <!-- testCases.TC004_AddItemsToCartTest -->
