<?xml version="1.0" encoding="UTF-8"?>
<!-- Generated by org.testng.reporters.JUnitReportReporter -->
<testsuite hostname="tahmid_anon" failures="0" tests="1" name="testCases.TC027_CustomerAddTest" time="3.573" errors="0" timestamp="2025-02-28T23:18:11 GMT+06:00" skipped="0">
  <testcase classname="testCases.TC027_CustomerAddTest" name="customerAdd" time="3.573"/>
  <system-out/>
</testsuite> <!-- testCases.TC027_CustomerAddTest -->
