<?xml version="1.0" encoding="UTF-8"?>
<!-- Generated by org.testng.reporters.JUnitReportReporter -->
<testsuite hostname="tahmid_anon" failures="0" tests="1" name="testCases.TC007_PaymentGatewayTest" time="36.839" errors="0" timestamp="2025-02-10T00:10:43 GMT+06:00" skipped="0">
  <testcase classname="testCases.TC007_PaymentGatewayTest" name="payNow" time="36.839"/>
  <system-out/>
</testsuite> <!-- testCases.TC007_PaymentGatewayTest -->
