<?xml version="1.0" encoding="UTF-8"?>
<!-- Generated by org.testng.reporters.JUnitReportReporter -->
<testsuite hostname="tahmid_anon" failures="0" tests="1" name="testCases.TC015_CouponsAddTest" time="4.337" errors="0" timestamp="2025-03-02T01:13:02 GMT+06:00" skipped="0">
  <testcase classname="testCases.TC015_CouponsAddTest" name="addCoupons" time="4.337"/>
  <system-out/>
</testsuite> <!-- testCases.TC015_CouponsAddTest -->
