<?xml version="1.0" encoding="UTF-8"?>
<!-- Generated by org.testng.reporters.JUnitReportReporter -->
<testsuite hostname="tahmid_anon" failures="0" tests="1" name="testCases.TC019_OffersEditTest" time="7.765" errors="0" timestamp="2025-02-16T00:23:14 GMT+06:00" skipped="0">
  <testcase classname="testCases.TC019_OffersEditTest" name="addOffers" time="7.765"/>
  <system-out/>
</testsuite> <!-- testCases.TC019_OffersEditTest -->
