<?xml version="1.0" encoding="UTF-8"?>
<!-- Generated by org.testng.reporters.JUnitReportReporter -->
<testsuite hostname="tahmid_anon" failures="0" tests="1" name="testCases.TC021_AdministratorsAddTest" time="3.393" errors="0" timestamp="2025-02-17T23:46:49 GMT+06:00" skipped="0">
  <testcase classname="testCases.TC021_AdministratorsAddTest" name="administratorsAdd" time="3.393"/>
  <system-out/>
</testsuite> <!-- testCases.TC021_AdministratorsAddTest -->
