<?xml version="1.0" encoding="UTF-8"?>
<!-- Generated by org.testng.reporters.JUnitReportReporter -->
<testsuite hostname="tahmid_anon" failures="0" tests="1" name="testCases.TC020_OffersDeleteTest" time="2.673" errors="0" timestamp="2025-02-19T23:26:23 GMT+06:00" skipped="0">
  <testcase classname="testCases.TC020_OffersDeleteTest" name="offersDelete" time="2.673"/>
  <system-out/>
</testsuite> <!-- testCases.TC020_OffersDeleteTest -->
