<?xml version="1.0" encoding="UTF-8"?>
<!-- Generated by org.testng.reporters.JUnitReportReporter -->
<testsuite hostname="tahmid_anon" failures="0" tests="1" name="testCases.TC001_AccountRegistrationTest" time="9.111" errors="0" timestamp="2025-02-02T21:00:28 GMT+06:00" skipped="0">
  <testcase classname="testCases.TC001_AccountRegistrationTest" name="registrationOnAccount" time="9.111"/>
  <system-out/>
</testsuite> <!-- testCases.TC001_AccountRegistrationTest -->
