<?xml version="1.0" encoding="UTF-8"?>
<!-- Generated by org.testng.reporters.JUnitReportReporter -->
<testsuite hostname="tahmid_anon" failures="0" tests="1" name="testCases.TC010_POSTest" time="14.198" errors="0" timestamp="2025-02-04T23:06:37 GMT+06:00" skipped="0">
  <testcase classname="testCases.TC010_POSTest" name="pos" time="14.198"/>
  <system-out/>
</testsuite> <!-- testCases.TC010_POSTest -->
