<?xml version="1.0" encoding="UTF-8"?>
<!-- Generated by org.testng.reporters.JUnitReportReporter -->
<testsuite hostname="tahmid_anon" failures="0" tests="1" name="testCases.TC015_CouponsAddTest" time="4.230" errors="0" timestamp="2025-02-14T03:29:52 GMT+06:00" skipped="0">
  <testcase classname="testCases.TC015_CouponsAddTest" name="addCoupons" time="4.230"/>
  <system-out/>
</testsuite> <!-- testCases.TC015_CouponsAddTest -->
