<?xml version="1.0" encoding="UTF-8"?>
<!-- Generated by org.testng.reporters.JUnitReportReporter -->
<testsuite hostname="tahmid_anon" failures="0" tests="1" name="testCases.TC030_EmployeeAddTest" time="3.638" errors="0" timestamp="2025-02-28T23:19:25 GMT+06:00" skipped="0">
  <testcase classname="testCases.TC030_EmployeeAddTest" name="employeeAdd" time="3.638"/>
  <system-out/>
</testsuite> <!-- testCases.TC030_EmployeeAddTest -->
