<?xml version="1.0" encoding="UTF-8"?>
<!-- Generated by org.testng.reporters.JUnitReportReporter -->
<testsuite hostname="tahmid_anon" failures="0" tests="1" name="testCases.TC031_EmployeeEditTest" time="0.000" errors="0" timestamp="2025-03-07T23:14:19 GMT+06:00" skipped="1">
  <testcase classname="testCases.TC031_EmployeeEditTest" name="employeeEdit" time="0.000">
    <skipped/>
  </testcase> <!-- employeeEdit -->
  <system-out/>
</testsuite> <!-- testCases.TC031_EmployeeEditTest -->
