<?xml version="1.0" encoding="UTF-8"?>
<!-- Generated by org.testng.reporters.JUnitReportReporter -->
<testsuite hostname="tahmid_anon" failures="0" tests="1" name="testCases.TC015_CouponsAddTest" time="8.801" errors="0" timestamp="2025-02-13T22:10:33 GMT+06:00" skipped="0">
  <testcase classname="testCases.TC015_CouponsAddTest" name="addCoupons" time="8.801"/>
  <system-out/>
</testsuite> <!-- testCases.TC015_CouponsAddTest -->
