<?xml version="1.0" encoding="UTF-8"?>
<!-- Generated by org.testng.reporters.JUnitReportReporter -->
<testsuite hostname="tahmid_anon" failures="0" tests="1" name="testCases.TC016_CouponsEditTest" time="7.957" errors="0" timestamp="2025-03-02T01:17:08 GMT+06:00" skipped="0">
  <testcase classname="testCases.TC016_CouponsEditTest" name="editCoupons" time="7.957"/>
  <system-out/>
</testsuite> <!-- testCases.TC016_CouponsEditTest -->
