<?xml version="1.0" encoding="UTF-8"?>
<!-- Generated by org.testng.reporters.JUnitReportReporter -->
<testsuite hostname="tahmid_anon" failures="0" tests="1" name="testCases.TC022_AdministratorsEditTest" time="7.778" errors="0" timestamp="2025-02-20T23:25:45 GMT+06:00" skipped="0">
  <testcase classname="testCases.TC022_AdministratorsEditTest" name="administratorsedit" time="7.778"/>
  <system-out/>
</testsuite> <!-- testCases.TC022_AdministratorsEditTest -->
