<?xml version="1.0" encoding="UTF-8"?>
<!-- Generated by org.testng.reporters.JUnitReportReporter -->
<testsuite hostname="tahmid_anon" failures="0" tests="1" name="testCases.TC029_CustomerDeleteTest" time="3.697" errors="0" timestamp="2025-03-05T00:05:40 GMT+06:00" skipped="0">
  <testcase classname="testCases.TC029_CustomerDeleteTest" name="customerDelete" time="3.697"/>
  <system-out/>
</testsuite> <!-- testCases.TC029_CustomerDeleteTest -->
