<?xml version="1.0" encoding="UTF-8"?>
<!-- Generated by org.testng.reporters.JUnitReportReporter -->
<testsuite hostname="tahmid_anon" failures="0" tests="1" name="testCases.TC031_EmployeeEditTest" time="8.118" errors="0" timestamp="2025-03-15T02:36:43 GMT+06:00" skipped="0">
  <testcase classname="testCases.TC031_EmployeeEditTest" name="employeeEdit" time="8.118"/>
  <system-out/>
</testsuite> <!-- testCases.TC031_EmployeeEditTest -->
