<?xml version="1.0" encoding="UTF-8"?>
<!-- Generated by org.testng.reporters.JUnitReportReporter -->
<testsuite hostname="tahmid_anon" failures="0" tests="1" name="testCases.TC003_SearchItemsTest" time="10.617" errors="0" timestamp="2025-01-31T18:48:55 GMT+06:00" skipped="0">
  <testcase classname="testCases.TC003_SearchItemsTest" name="search" time="10.617"/>
  <system-out/>
</testsuite> <!-- testCases.TC003_SearchItemsTest -->
