<?xml version="1.0" encoding="UTF-8"?>
<!-- Generated by org.testng.reporters.JUnitReportReporter -->
<testsuite hostname="tahmid_anon" failures="0" tests="1" name="testCases.TC009_ChangePasswordTest" time="2.436" errors="0" timestamp="2025-02-06T23:49:18 GMT+06:00" skipped="0">
  <testcase classname="testCases.TC009_ChangePasswordTest" name="changePassword" time="2.436"/>
  <system-out/>
</testsuite> <!-- testCases.TC009_ChangePasswordTest -->
