<?xml version="1.0" encoding="UTF-8"?>
<!-- Generated by org.testng.reporters.JUnitReportReporter -->
<testsuite hostname="tahmid_anon" failures="0" tests="1" name="testCases.TC032_EmployeeDeleteTest" time="2.847" errors="0" timestamp="2025-03-15T02:36:43 GMT+06:00" skipped="0">
  <testcase classname="testCases.TC032_EmployeeDeleteTest" name="employeeDelete" time="2.847"/>
  <system-out/>
</testsuite> <!-- testCases.TC032_EmployeeDeleteTest -->
