<?xml version="1.0" encoding="UTF-8"?>
<!-- Generated by org.testng.reporters.JUnitReportReporter -->
<testsuite hostname="tahmid_anon" failures="0" tests="1" name="testCases.TC002_LoginTest" time="0.384" errors="0" timestamp="2025-02-07T00:07:07 GMT+06:00" skipped="0">
  <testcase classname="testCases.TC002_LoginTest" name="login" time="0.384"/>
  <system-out/>
</testsuite> <!-- testCases.TC002_LoginTest -->
