<?xml version="1.0" encoding="UTF-8"?>
<!-- Generated by org.testng.reporters.JUnitReportReporter -->
<testsuite hostname="tahmid_anon" failures="0" tests="1" name="testCases.TC029_CustomerDeleteTest" time="3.035" errors="0" timestamp="2025-02-26T23:52:30 GMT+06:00" skipped="0">
  <testcase classname="testCases.TC029_CustomerDeleteTest" name="customerDelete" time="3.035"/>
  <system-out/>
</testsuite> <!-- testCases.TC029_CustomerDeleteTest -->
