<?xml version="1.0" encoding="UTF-8"?>
<!-- Generated by org.testng.reporters.JUnitReportReporter -->
<testsuite hostname="tahmid_anon" failures="0" tests="1" name="testCases.TC024_DeliveryBoyAddTest" time="3.476" errors="0" timestamp="2025-02-28T23:16:40 GMT+06:00" skipped="0">
  <testcase classname="testCases.TC024_DeliveryBoyAddTest" name="deliveryBoyAdd" time="3.476"/>
  <system-out/>
</testsuite> <!-- testCases.TC024_DeliveryBoyAddTest -->
