<?xml version="1.0" encoding="UTF-8"?>
<!-- Generated by org.testng.reporters.JUnitReportReporter -->
<testsuite hostname="tahmid_anon" failures="0" tests="1" name="testCases.TC005_ProceedToCheckoutTest" time="29.670" errors="0" timestamp="2025-02-02T21:03:58 GMT+06:00" skipped="0">
  <testcase classname="testCases.TC005_ProceedToCheckoutTest" name="checkOut" time="29.670"/>
  <system-out/>
</testsuite> <!-- testCases.TC005_ProceedToCheckoutTest -->
