<?xml version="1.0" encoding="UTF-8"?>
<!-- Generated by org.testng.reporters.JUnitReportReporter -->
<testsuite hostname="tahmid_anon" failures="0" tests="1" name="testCases.TC006_MyOrdersTest" time="11.944" errors="0" timestamp="2025-02-01T20:30:29 GMT+06:00" skipped="0">
  <testcase classname="testCases.TC006_MyOrdersTest" name="myOrders" time="11.944"/>
  <system-out/>
</testsuite> <!-- testCases.TC006_MyOrdersTest -->
