<?xml version="1.0" encoding="UTF-8"?>
<!-- Generated by org.testng.reporters.JUnitReportReporter -->
<testsuite hostname="tahmid_anon" failures="0" tests="1" name="testCases.TC014_TableOrdersTest" time="3.170" errors="0" timestamp="2025-02-07T21:50:42 GMT+06:00" skipped="0">
  <testcase classname="testCases.TC014_TableOrdersTest" name="tableOrders" time="3.170"/>
  <system-out/>
</testsuite> <!-- testCases.TC014_TableOrdersTest -->
