<?xml version="1.0" encoding="UTF-8"?>
<!-- Generated by org.testng.reporters.JUnitReportReporter -->
<testsuite hostname="tahmid_anon" failures="0" tests="1" name="testCases.TC012_DeletePOSOrdersTest" time="2.730" errors="0" timestamp="2025-02-07T16:02:01 GMT+06:00" skipped="0">
  <testcase classname="testCases.TC012_DeletePOSOrdersTest" name="deletePosOrders" time="2.730"/>
  <system-out/>
</testsuite> <!-- testCases.TC012_DeletePOSOrdersTest -->
