<?xml version="1.0" encoding="UTF-8"?>
<!-- Generated by org.testng.reporters.JUnitReportReporter -->
<testsuite hostname="tahmid_anon" failures="0" tests="1" name="testCases.TC026_DeliveryBoyDeleteTest" time="2.798" errors="0" timestamp="2025-02-26T23:50:16 GMT+06:00" skipped="0">
  <testcase classname="testCases.TC026_DeliveryBoyDeleteTest" name="deliveryBoyDelete" time="2.798"/>
  <system-out/>
</testsuite> <!-- testCases.TC026_DeliveryBoyDeleteTest -->
