<?xml version="1.0" encoding="UTF-8"?>
<!-- Generated by org.testng.reporters.JUnitReportReporter -->
<testsuite hostname="tahmid_anon" failures="0" tests="1" name="testCases.TC002_LoginTest" time="5.448" errors="0" timestamp="2025-01-31T14:58:34 GMT+06:00" skipped="0">
  <testcase classname="testCases.TC002_LoginTest" name="Login" time="5.448"/>
  <system-out/>
</testsuite> <!-- testCases.TC002_LoginTest -->
