<?xml version="1.0" encoding="UTF-8"?>
<!-- Generated by org.testng.reporters.JUnitReportReporter -->
<testsuite hostname="tahmid_anon" failures="0" tests="1" name="testCases.TC017_CouponDeleteTest" time="12.480" errors="0" timestamp="2025-02-14T04:08:43 GMT+06:00" skipped="0">
  <testcase classname="testCases.TC017_CouponDeleteTest" name="deleteCoupons" time="12.480"/>
  <system-out/>
</testsuite> <!-- testCases.TC017_CouponDeleteTest -->
