<?xml version="1.0" encoding="UTF-8"?>
<!-- Generated by org.testng.reporters.JUnitReportReporter -->
<testsuite hostname="tahmid_anon" failures="0" tests="1" name="testCases.TC023_AdministratorsDeleteTest" time="2.720" errors="0" timestamp="2025-02-28T23:16:12 GMT+06:00" skipped="0">
  <testcase classname="testCases.TC023_AdministratorsDeleteTest" name="administratorsDelete" time="2.720"/>
  <system-out/>
</testsuite> <!-- testCases.TC023_AdministratorsDeleteTest -->
