<?xml version="1.0" encoding="UTF-8"?>
<!-- Generated by org.testng.reporters.JUnitReportReporter -->
<testsuite hostname="tahmid_anon" failures="0" tests="1" name="testCases.TC018_OffersAddTest" time="3.821" errors="0" timestamp="2025-02-16T22:43:04 GMT+06:00" skipped="0">
  <testcase classname="testCases.TC018_OffersAddTest" name="addOffers" time="3.821"/>
  <system-out/>
</testsuite> <!-- testCases.TC018_OffersAddTest -->
