<?xml version="1.0" encoding="UTF-8"?>
<!-- Generated by org.testng.reporters.JUnitReportReporter -->
<testsuite hostname="tahmid_anon" failures="0" tests="1" name="testCases.TC001_AccountRegistrationTest" time="9.164" errors="0" timestamp="2025-01-31T13:03:03 GMT+06:00" skipped="0">
  <testcase classname="testCases.TC001_AccountRegistrationTest" name="registrationOnAccount" time="9.164"/>
  <system-out/>
</testsuite> <!-- testCases.TC001_AccountRegistrationTest -->
