<?xml version="1.0" encoding="UTF-8"?>
<!-- Generated by org.testng.reporters.JUnitReportReporter -->
<testsuite hostname="tahmid_anon" failures="0" tests="1" name="testCases.TC020_OffersDeleteTest" time="2.609" errors="0" timestamp="2025-03-02T01:57:30 GMT+06:00" skipped="0">
  <testcase classname="testCases.TC020_OffersDeleteTest" name="offersDelete" time="2.609"/>
  <system-out/>
</testsuite> <!-- testCases.TC020_OffersDeleteTest -->
