<?xml version="1.0" encoding="UTF-8"?>
<!-- Generated by org.testng.reporters.JUnitReportReporter -->
<testsuite hostname="tahmid_anon" failures="0" tests="1" name="testCases.TC013_OnlineOrdersTest" time="17.332" errors="0" timestamp="2025-02-07T20:19:27 GMT+06:00" skipped="0">
  <testcase classname="testCases.TC013_OnlineOrdersTest" name="onlineOrders" time="17.332"/>
  <system-out/>
</testsuite> <!-- testCases.TC013_OnlineOrdersTest -->
