<?xml version="1.0" encoding="UTF-8"?>
<!-- Generated by org.testng.reporters.JUnitReportReporter -->
<testsuite hostname="tahmid_anon" failures="0" tests="1" name="testCases.TC011_POSOrdersTest" time="12.455" errors="0" timestamp="2025-02-07T16:02:39 GMT+06:00" skipped="0">
  <testcase classname="testCases.TC011_POSOrdersTest" name="posOrders" time="12.455"/>
  <system-out/>
</testsuite> <!-- testCases.TC011_POSOrdersTest -->
