<?xml version="1.0" encoding="UTF-8"?>
<!-- Generated by org.testng.reporters.JUnitReportReporter -->
<testsuite hostname="tahmid_anon" failures="0" tests="1" name="testCases.TC022_AdministratorsEditTest" time="0.000" errors="0" timestamp="2025-03-04T23:30:36 GMT+06:00" skipped="1">
  <testcase classname="testCases.TC022_AdministratorsEditTest" name="administratorsEdit" time="0.000">
    <skipped/>
  </testcase> <!-- administratorsEdit -->
  <system-out/>
</testsuite> <!-- testCases.TC022_AdministratorsEditTest -->
